<?xml version="1.0" encoding="UTF-8"?>
<testng-results ignored="0" total="2" passed="2" failed="0" skipped="0">
  <reporter-output>
  </reporter-output>
  <suite started-at="2023-07-27T00:12:31 IST" name="Default suite" finished-at="2023-07-27T00:12:33 IST" duration-ms="2067">
    <groups>
    </groups>
    <test started-at="2023-07-27T00:12:31 IST" name="Default test" finished-at="2023-07-27T00:12:33 IST" duration-ms="2067">
      <class name="RestAssured.HeadersValidation">
        <test-method signature="testheaders()[pri:1, instance:RestAssured.HeadersValidation@2ea41516]" started-at="2023-07-27T00:12:31 IST" name="testheaders" finished-at="2023-07-27T00:12:33 IST" duration-ms="1798" status="PASS">
          <reporter-output>
          </reporter-output>
        </test-method> <!-- testheaders -->
        <test-method signature="getheaders()[pri:2, instance:RestAssured.HeadersValidation@2ea41516]" started-at="2023-07-27T00:12:33 IST" name="getheaders" finished-at="2023-07-27T00:12:33 IST" duration-ms="213" status="PASS">
          <reporter-output>
          </reporter-output>
        </test-method> <!-- getheaders -->
      </class> <!-- RestAssured.HeadersValidation -->
    </test> <!-- Default test -->
  </suite> <!-- Default suite -->
</testng-results>
